2016-07-21 23:41:00 INFO  ClassPathXmlApplicationContext:578 - Refreshing org.springframework.context.support.ClassPathXmlApplicationContext@58d25a40: startup date [Thu Jul 21 23:41:00 EEST 2016]; root of context hierarchy
2016-07-21 23:41:01 INFO  XmlBeanDefinitionReader:317 - Loading XML bean definitions from class path resource [application-context.xml]
2016-07-21 23:41:01 INFO  XmlBeanDefinitionReader:317 - Loading XML bean definitions from class path resource [aop-context-withAnotations.xml]
2016-07-21 23:41:01 INFO  Runner:16 - Log4j. Start logging with Log4j method:ua.goit.java.Runner
2016-07-21 23:41:14 INFO  Runner:39 - Log4j. Stщз logging with Log4j method:ua.goit.java.Runner
2016-07-21 23:47:26 INFO  ClassPathXmlApplicationContext:578 - Refreshing org.springframework.context.support.ClassPathXmlApplicationContext@58d25a40: startup date [Thu Jul 21 23:47:26 EEST 2016]; root of context hierarchy
2016-07-21 23:47:27 INFO  XmlBeanDefinitionReader:317 - Loading XML bean definitions from class path resource [application-context.xml]
2016-07-21 23:47:27 INFO  XmlBeanDefinitionReader:317 - Loading XML bean definitions from class path resource [aop-context-withAnotations.xml]
2016-07-21 23:47:27 INFO  Runner:45 - Provider
2016-07-21 23:47:27 INFO  Runner:51 - Calculator
2016-07-21 23:47:28 INFO  Runner:16 - Log4j. Start logging with Log4j method:ua.goit.java.Runner
2016-07-21 23:48:39 INFO  ClassPathXmlApplicationContext:578 - Refreshing org.springframework.context.support.ClassPathXmlApplicationContext@58d25a40: startup date [Thu Jul 21 23:48:39 EEST 2016]; root of context hierarchy
2016-07-21 23:48:39 INFO  XmlBeanDefinitionReader:317 - Loading XML bean definitions from class path resource [application-context.xml]
2016-07-21 23:48:39 INFO  XmlBeanDefinitionReader:317 - Loading XML bean definitions from class path resource [aop-context-withAnotations.xml]
2016-07-21 23:48:39 INFO  Runner:45 - Runua.goit.java.Runner
2016-07-21 23:48:39 INFO  Runner:51 - Runua.goit.java.Runner
2016-07-21 23:48:39 INFO  Runner:57 - Runua.goit.java.Runner
2016-07-21 23:48:39 INFO  Runner:63 - Runua.goit.java.Runner
2016-07-21 23:48:39 INFO  Runner:69 - Runua.goit.java.Runner
2016-07-21 23:48:40 INFO  Runner:16 - Log4j. Start logging with Log4j method:ua.goit.java.Runner
2016-07-21 23:49:36 INFO  ClassPathXmlApplicationContext:578 - Refreshing org.springframework.context.support.ClassPathXmlApplicationContext@58d25a40: startup date [Thu Jul 21 23:49:36 EEST 2016]; root of context hierarchy
2016-07-21 23:49:36 INFO  XmlBeanDefinitionReader:317 - Loading XML bean definitions from class path resource [application-context.xml]
2016-07-21 23:49:36 INFO  XmlBeanDefinitionReader:317 - Loading XML bean definitions from class path resource [aop-context-withAnotations.xml]
2016-07-21 23:49:37 INFO  Runner:47 - Run ua.goit.java.Runner
2016-07-21 23:49:37 INFO  Runner:53 - Run ua.goit.java.Runner
2016-07-21 23:49:37 INFO  Runner:59 - Run ua.goit.java.Runner
2016-07-21 23:49:37 INFO  Runner:65 - Run ua.goit.java.Runner
2016-07-21 23:49:37 INFO  Runner:71 - Run ua.goit.java.Runner
2016-07-21 23:49:37 INFO  Runner:16 - Log4j. Start logging with Log4j method:ua.goit.java.Runner
2016-07-21 23:50:48 INFO  ClassPathXmlApplicationContext:578 - Refreshing org.springframework.context.support.ClassPathXmlApplicationContext@58d25a40: startup date [Thu Jul 21 23:50:48 EEST 2016]; root of context hierarchy
2016-07-21 23:50:48 INFO  XmlBeanDefinitionReader:317 - Loading XML bean definitions from class path resource [application-context.xml]
2016-07-21 23:50:49 INFO  XmlBeanDefinitionReader:317 - Loading XML bean definitions from class path resource [aop-context-withAnotations.xml]
2016-07-21 23:50:49 INFO  Runner:47 - Run class org.apache.log4j.Logger
2016-07-21 23:50:49 INFO  Runner:53 - Run ua.goit.java.Runner
2016-07-21 23:50:49 INFO  Runner:59 - Run ua.goit.java.Runner
2016-07-21 23:50:49 INFO  Runner:65 - Run ua.goit.java.Runner
2016-07-21 23:50:49 INFO  Runner:71 - Run ua.goit.java.Runner
2016-07-21 23:50:50 INFO  Runner:16 - Log4j. Start logging with Log4j method:ua.goit.java.Runner
2016-07-21 23:51:07 INFO  ClassPathXmlApplicationContext:578 - Refreshing org.springframework.context.support.ClassPathXmlApplicationContext@58d25a40: startup date [Thu Jul 21 23:51:07 EEST 2016]; root of context hierarchy
2016-07-21 23:51:07 INFO  XmlBeanDefinitionReader:317 - Loading XML bean definitions from class path resource [application-context.xml]
2016-07-21 23:51:07 INFO  XmlBeanDefinitionReader:317 - Loading XML bean definitions from class path resource [aop-context-withAnotations.xml]
2016-07-21 23:51:07 INFO  Runner:47 - Run class ua.goit.java.Provider
2016-07-21 23:51:07 INFO  Runner:53 - Run ua.goit.java.Runner
2016-07-21 23:51:07 INFO  Runner:59 - Run ua.goit.java.Runner
2016-07-21 23:51:07 INFO  Runner:65 - Run ua.goit.java.Runner
2016-07-21 23:51:07 INFO  Runner:71 - Run ua.goit.java.Runner
2016-07-21 23:51:08 INFO  Runner:16 - Log4j. Start logging with Log4j method:ua.goit.java.Runner
2016-07-21 23:52:48 INFO  ClassPathXmlApplicationContext:578 - Refreshing org.springframework.context.support.ClassPathXmlApplicationContext@58d25a40: startup date [Thu Jul 21 23:52:48 EEST 2016]; root of context hierarchy
2016-07-21 23:52:48 INFO  XmlBeanDefinitionReader:317 - Loading XML bean definitions from class path resource [application-context.xml]
2016-07-21 23:52:49 INFO  XmlBeanDefinitionReader:317 - Loading XML bean definitions from class path resource [aop-context-withAnotations.xml]
2016-07-21 23:52:49 INFO  Runner:47 - Run class ua.goit.java.Provider
2016-07-21 23:52:49 INFO  Runner:53 - Run class ua.goit.java.Calculator
2016-07-21 23:52:49 INFO  Runner:59 - Run class ua.goit.java.ParsedExpression
2016-07-21 23:52:49 INFO  Runner:65 - Run class ua.goit.java.Dividing
2016-07-21 23:52:49 INFO  Runner:71 - Run class ua.goit.java.Multiplying
2016-07-21 23:52:49 INFO  Runner:16 - Log4j. Start logging with Log4j method:ua.goit.java.Runner
2016-07-21 23:52:58 INFO  Runner:27 - Run init method
